<?xml version="1.0" encoding="UTF-8"?>
<!-- Generated by org.testng.reporters.JUnitXMLReporter -->
<testsuite ignored="0" hostname="sandy" failures="1" tests="1" name="HybridTest" time="0.231" errors="0" timestamp="2022-02-03T16:36:11 IST">
  <testcase classname="DriverFactory.DriverScript" name="startTest" time="0.22">
    <failure type="java.lang.IllegalArgumentException" message="Cannot find elements when the XPath is null.">
      <![CDATA[java.lang.IllegalArgumentException: Cannot find elements when the XPath is null.
at org.openqa.selenium.By$ByXPath.<init>(By.java:339)
at org.openqa.selenium.By.xpath(By.java:92)
at CommonFunctions.FunctionsLibrary.verifyLogin(FunctionsLibrary.java:20)
at DriverFactory.DriverScript.startTest(DriverScript.java:49)
at java.base/java.util.ArrayList.forEach(ArrayList.java:1511)
... Removed 27 stack frames]]>
    </failure>
  </testcase> <!-- startTest -->
</testsuite> <!-- HybridTest -->
